<?xml version="1.0" encoding="UTF-8"?>
<!-- Generated by org.testng.reporters.JUnitXMLReporter -->
<testsuite ignored="0" hostname="LOITL-SE15" failures="0" tests="4" name="Default test" time="3.477" errors="0" timestamp="2023-10-20T12:39:20 IST">
  <testcase classname="tests.APITests" name="deleteObjectTest" time="2.354"/>
  <testcase classname="tests.APITests" name="getObjectByIdTest" time="0.127"/>
  <testcase classname="tests.APITests" name="postObjectTest" time="0.144"/>
  <testcase classname="tests.APITests" name="putObjectTest" time="0.301"/>
</testsuite> <!-- Default test -->
