<?xml version="1.0" encoding="UTF-8"?>
<testng-results ignored="0" total="4" passed="4" failed="0" skipped="0">
  <reporter-output>
  </reporter-output>
  <suite started-at="2023-10-20T12:39:17 IST" name="Default suite" finished-at="2023-10-20T12:39:20 IST" duration-ms="3477">
    <groups>
    </groups>
    <test started-at="2023-10-20T12:39:17 IST" name="Default test" finished-at="2023-10-20T12:39:20 IST" duration-ms="3477">
      <class name="tests.APITests">
        <test-method is-config="true" signature="setup()[pri:0, instance:tests.APITests@55634720]" started-at="2023-10-20T12:39:17 IST" name="setup" finished-at="2023-10-20T12:39:18 IST" duration-ms="512" status="PASS">
          <reporter-output>
          </reporter-output>
        </test-method> <!-- setup -->
        <test-method signature="deleteObjectTest()[pri:0, instance:tests.APITests@55634720]" started-at="2023-10-20T12:39:18 IST" name="deleteObjectTest" finished-at="2023-10-20T12:39:20 IST" duration-ms="2354" status="PASS">
          <reporter-output>
          </reporter-output>
        </test-method> <!-- deleteObjectTest -->
        <test-method signature="getObjectByIdTest()[pri:0, instance:tests.APITests@55634720]" started-at="2023-10-20T12:39:20 IST" name="getObjectByIdTest" finished-at="2023-10-20T12:39:20 IST" duration-ms="127" status="PASS">
          <reporter-output>
          </reporter-output>
        </test-method> <!-- getObjectByIdTest -->
        <test-method signature="postObjectTest()[pri:0, instance:tests.APITests@55634720]" started-at="2023-10-20T12:39:20 IST" name="postObjectTest" finished-at="2023-10-20T12:39:20 IST" duration-ms="144" status="PASS">
          <reporter-output>
          </reporter-output>
        </test-method> <!-- postObjectTest -->
        <test-method signature="putObjectTest()[pri:0, instance:tests.APITests@55634720]" started-at="2023-10-20T12:39:20 IST" name="putObjectTest" finished-at="2023-10-20T12:39:20 IST" duration-ms="301" status="PASS">
          <reporter-output>
          </reporter-output>
        </test-method> <!-- putObjectTest -->
      </class> <!-- tests.APITests -->
    </test> <!-- Default test -->
  </suite> <!-- Default suite -->
</testng-results>
