<?xml version="1.0" encoding="UTF-8"?>
<testng-results ignored="0" total="2" passed="2" failed="0" skipped="0">
  <reporter-output>
  </reporter-output>
  <suite started-at="2023-10-15T21:28:29 IST" name="Default suite" finished-at="2023-10-15T21:28:37 IST" duration-ms="7930">
    <groups>
    </groups>
    <test started-at="2023-10-15T21:28:29 IST" name="Default test" finished-at="2023-10-15T21:28:37 IST" duration-ms="7930">
      <class name="tests.Test_01">
        <test-method signature="example_02()[pri:0, instance:tests.Test_01@40ef3420]" started-at="2023-10-15T21:28:29 IST" name="example_02" finished-at="2023-10-15T21:28:37 IST" duration-ms="7770" status="PASS">
          <reporter-output>
          </reporter-output>
        </test-method> <!-- example_02 -->
        <test-method signature="example_1()[pri:0, instance:tests.Test_01@40ef3420]" started-at="2023-10-15T21:28:37 IST" name="example_1" finished-at="2023-10-15T21:28:37 IST" duration-ms="76" status="PASS">
          <reporter-output>
          </reporter-output>
        </test-method> <!-- example_1 -->
      </class> <!-- tests.Test_01 -->
    </test> <!-- Default test -->
  </suite> <!-- Default suite -->
</testng-results>
